2018-09-25 10:53:39 [127.0.0.1][203][hmv0itu27oqiv3r5irm83f81m7][error][yii\base\ErrorException:1] exception 'yii\base\ErrorException' with message 'Call to undefined method yii\helpers\Html::hidden()' in C:\wamp\www\dsv\saespdev\views\selecao\_form.php:28
Stack trace:
#0 C:\wamp\www\dsv\saespdev\vendor\yiisoft\yii2\base\View.php(250): yii\base\View->renderPhpFile()
#1 C:\wamp\www\dsv\saespdev\vendor\yiisoft\yii2\base\View.php(152): yii\base\View->renderFile()
#2 C:\wamp\www\dsv\saespdev\views\selecao\create.php(19): yii\base\View->render()
#3 C:\wamp\www\dsv\saespdev\vendor\yiisoft\yii2\base\View.php(332): ::unknown()
#4 C:\wamp\www\dsv\saespdev\vendor\yiisoft\yii2\base\View.php(250): yii\base\View->renderPhpFile()
#5 C:\wamp\www\dsv\saespdev\vendor\yiisoft\yii2\base\View.php(152): yii\base\View->renderFile()
#6 C:\wamp\www\dsv\saespdev\vendor\yiisoft\yii2\base\Controller.php(384): yii\base\View->render()
#7 C:\wamp\www\dsv\saespdev\controllers\SelecaoController.php(87): yii\base\Controller->render()
#8 C:\wamp\www\dsv\saespdev\vendor\yiisoft\yii2\base\InlineAction.php(57): app\controllers\SelecaoController->actionCreate()
#9 C:\wamp\www\dsv\saespdev\vendor\yiisoft\yii2\base\InlineAction.php(57): ::call_user_func_array:{C:\wamp\www\dsv\saespdev\vendor\yiisoft\yii2\base\InlineAction.php:57}()
#10 C:\wamp\www\dsv\saespdev\vendor\yiisoft\yii2\base\Controller.php(157): yii\base\InlineAction->runWithParams()
#11 C:\wamp\www\dsv\saespdev\vendor\yiisoft\yii2\base\Module.php(528): yii\base\Controller->runAction()
#12 C:\wamp\www\dsv\saespdev\vendor\yiisoft\yii2\web\Application.php(103): yii\base\Module->runAction()
#13 C:\wamp\www\dsv\saespdev\vendor\yiisoft\yii2\base\Application.php(386): yii\web\Application->handleRequest()
#14 C:\wamp\www\dsv\saespdev\web\index.php(11): yii\base\Application->run()
#15 {main}
2018-09-25 10:53:39 [127.0.0.1][203][hmv0itu27oqiv3r5irm83f81m7][info][application] $_COOKIE = [
    '_csrf' => 'dd634ded9947ec17e5b1729b0e1967b331f30a50d4b7227b136afe96892a7265a:2:{i:0;s:5:\"_csrf\";i:1;s:32:\"K6QBqDxUpIZYhcdmSJutzkj4ZErxdeaO\";}'
    'PHPSESSID' => 'hmv0itu27oqiv3r5irm83f81m7'
    '_identity' => '4d247d21d62d07e95233ba88acfbaef1f1974b0ebde836cf6180fe9ecf740206a:2:{i:0;s:9:\"_identity\";i:1;s:18:\"[203,null,2592000]\";}'
]

$_SESSION = [
    '__flash' => []
    '__id' => 203
]

$_SERVER = [
    'REDIRECT_STATUS' => '200'
    'HTTP_HOST' => 'saesp'
    'HTTP_CONNECTION' => 'keep-alive'
    'HTTP_CACHE_CONTROL' => 'max-age=0'
    'HTTP_UPGRADE_INSECURE_REQUESTS' => '1'
    'HTTP_USER_AGENT' => 'Mozilla/5.0 (Windows NT 6.1; Win64; x64) AppleWebKit/537.36 (KHTML, like Gecko) Chrome/69.0.3497.100 Safari/537.36'
    'HTTP_ACCEPT' => 'text/html,application/xhtml+xml,application/xml;q=0.9,image/webp,image/apng,*/*;q=0.8'
    'HTTP_REFERER' => 'http://saesp/selecao/index'
    'HTTP_ACCEPT_ENCODING' => 'gzip, deflate'
    'HTTP_ACCEPT_LANGUAGE' => 'pt-BR,pt;q=0.9,en-US;q=0.8,en;q=0.7,und;q=0.6'
    'HTTP_COOKIE' => '_csrf=dd634ded9947ec17e5b1729b0e1967b331f30a50d4b7227b136afe96892a7265a%3A2%3A%7Bi%3A0%3Bs%3A5%3A%22_csrf%22%3Bi%3A1%3Bs%3A32%3A%22K6QBqDxUpIZYhcdmSJutzkj4ZErxdeaO%22%3B%7D; PHPSESSID=hmv0itu27oqiv3r5irm83f81m7; _identity=4d247d21d62d07e95233ba88acfbaef1f1974b0ebde836cf6180fe9ecf740206a%3A2%3A%7Bi%3A0%3Bs%3A9%3A%22_identity%22%3Bi%3A1%3Bs%3A18%3A%22%5B203%2Cnull%2C2592000%5D%22%3B%7D'
    'PATH' => 'C:\\ProgramData\\Oracle\\Java\\javapath;C:\\app\\patrick.tapajos\\product\\11.2.0\\client_2\\bin;C:\\app\\patrick.tapajos\\product\\11.2.0\\client_1;C:\\Program Files (x86)\\Oracle\\bin;C:\\Windows\\system32;C:\\Windows;C:\\Windows\\System32\\Wbem;C:\\Windows\\System32\\WindowsPowerShell\\v1.0\\;C:\\wamp\\bin\\php\\php5.6.25;C:\\wamp\\www\\dsv\\yii\\framework;C:\\wamp\\www\\dsv\\yii-1.1\\framework;C:\\wamp\\www\\dsv\\yii-1.13\\framework;C:\\Android\\platform-tools;C:\\Django-1.4.1\\django\\bin;C:\\Borland\\BCC55\\Bin;C:\\jboss\\bin;C:\\wamp\\bin\\mysql\\mysql5.1.30\\bin;C:\\Program Files (x86)\\Java\\jdk1.8.0_152\\bin;C:\\BitNami\\wappstack-5.4.15-0\\apache2\\htdocs\\dsv\\yii-1.1;C:\\BitNami\\wappstack-5.4.15-0\\php;C:\\bin;C:\\Program Files\\TortoiseGit\\bin;C:\\Program Files\\Git\\cmd;C:\\Program Files\\apache-maven-3.3.9\\bin;C:\\Program Files\\nodejs\\;C:\\ProgramData\\ComposerSetup\\bin;C:\\Users\\patrick.tapajos.SUBTI\\AppData\\Local\\Android\\sdk;C:\\Users\\patrick.tapajos.SUBTI\\AppData\\Local\\Android\\sdk\\platform-tools;C:\\Gradle\\gradle-4.5\\bin;C:\\Program Files\\TortoiseSVN\\bin;'
    'SystemRoot' => 'C:\\Windows'
    'COMSPEC' => 'C:\\Windows\\system32\\cmd.exe'
    'PATHEXT' => '.COM;.EXE;.BAT;.CMD;.VBS;.VBE;.JS;.JSE;.WSF;.WSH;.MSC'
    'WINDIR' => 'C:\\Windows'
    'SERVER_SIGNATURE' => '<address>Apache/2.4.23 (Win32) PHP/5.6.25 Server at saesp Port 80</address>
'
    'SERVER_SOFTWARE' => 'Apache/2.4.23 (Win32) PHP/5.6.25'
    'SERVER_NAME' => 'saesp'
    'SERVER_ADDR' => '127.0.0.1'
    'SERVER_PORT' => '80'
    'REMOTE_ADDR' => '127.0.0.1'
    'DOCUMENT_ROOT' => 'C:/wamp/www/dsv/saespdev/web'
    'REQUEST_SCHEME' => 'http'
    'CONTEXT_PREFIX' => ''
    'CONTEXT_DOCUMENT_ROOT' => 'C:/wamp/www/dsv/saespdev/web'
    'SERVER_ADMIN' => 'wampserver@wampserver.invalid'
    'SCRIPT_FILENAME' => 'C:/wamp/www/dsv/saespdev/web/index.php'
    'REMOTE_PORT' => '60664'
    'REDIRECT_URL' => '/selecao/create'
    'GATEWAY_INTERFACE' => 'CGI/1.1'
    'SERVER_PROTOCOL' => 'HTTP/1.1'
    'REQUEST_METHOD' => 'GET'
    'QUERY_STRING' => ''
    'REQUEST_URI' => '/selecao/create'
    'SCRIPT_NAME' => '/index.php'
    'PHP_SELF' => '/index.php'
    'REQUEST_TIME_FLOAT' => 1537887219.396
    'REQUEST_TIME' => 1537887219
    'YII_DEBUG' => 'true'
    'YII_ENV_DEV' => 'true'
    'DB_HOST' => 'oci:dbname=172.18.1.10/stidsv;charset=UTF8'
    'DB_USER' => 'saesp'
    'DB_PASS' => '123S.E.N.H.A.321'
    'EMAIL_HOST' => 'email.pmm.am.gov.br'
    'EMAIL_USER' => 'email.sistemas@pmm.am.gov.br'
    'EMAIL_PASS' => 'Email!@#2014'
]
2018-09-25 10:53:51 [127.0.0.1][203][hmv0itu27oqiv3r5irm83f81m7][error][yii\base\ErrorException:1] exception 'yii\base\ErrorException' with message 'Call to a member function label() on string' in C:\wamp\www\dsv\saespdev\views\selecao\_form.php:28
Stack trace:
#0 C:\wamp\www\dsv\saespdev\vendor\yiisoft\yii2\base\View.php(250): yii\base\View->renderPhpFile()
#1 C:\wamp\www\dsv\saespdev\vendor\yiisoft\yii2\base\View.php(152): yii\base\View->renderFile()
#2 C:\wamp\www\dsv\saespdev\views\selecao\create.php(19): yii\base\View->render()
#3 C:\wamp\www\dsv\saespdev\vendor\yiisoft\yii2\base\View.php(332): ::unknown()
#4 C:\wamp\www\dsv\saespdev\vendor\yiisoft\yii2\base\View.php(250): yii\base\View->renderPhpFile()
#5 C:\wamp\www\dsv\saespdev\vendor\yiisoft\yii2\base\View.php(152): yii\base\View->renderFile()
#6 C:\wamp\www\dsv\saespdev\vendor\yiisoft\yii2\base\Controller.php(384): yii\base\View->render()
#7 C:\wamp\www\dsv\saespdev\controllers\SelecaoController.php(87): yii\base\Controller->render()
#8 C:\wamp\www\dsv\saespdev\vendor\yiisoft\yii2\base\InlineAction.php(57): app\controllers\SelecaoController->actionCreate()
#9 C:\wamp\www\dsv\saespdev\vendor\yiisoft\yii2\base\InlineAction.php(57): ::call_user_func_array:{C:\wamp\www\dsv\saespdev\vendor\yiisoft\yii2\base\InlineAction.php:57}()
#10 C:\wamp\www\dsv\saespdev\vendor\yiisoft\yii2\base\Controller.php(157): yii\base\InlineAction->runWithParams()
#11 C:\wamp\www\dsv\saespdev\vendor\yiisoft\yii2\base\Module.php(528): yii\base\Controller->runAction()
#12 C:\wamp\www\dsv\saespdev\vendor\yiisoft\yii2\web\Application.php(103): yii\base\Module->runAction()
#13 C:\wamp\www\dsv\saespdev\vendor\yiisoft\yii2\base\Application.php(386): yii\web\Application->handleRequest()
#14 C:\wamp\www\dsv\saespdev\web\index.php(11): yii\base\Application->run()
#15 {main}
2018-09-25 10:53:51 [127.0.0.1][203][hmv0itu27oqiv3r5irm83f81m7][info][application] $_COOKIE = [
    '_csrf' => 'dd634ded9947ec17e5b1729b0e1967b331f30a50d4b7227b136afe96892a7265a:2:{i:0;s:5:\"_csrf\";i:1;s:32:\"K6QBqDxUpIZYhcdmSJutzkj4ZErxdeaO\";}'
    'PHPSESSID' => 'hmv0itu27oqiv3r5irm83f81m7'
    '_identity' => '4d247d21d62d07e95233ba88acfbaef1f1974b0ebde836cf6180fe9ecf740206a:2:{i:0;s:9:\"_identity\";i:1;s:18:\"[203,null,2592000]\";}'
]

$_SESSION = [
    '__flash' => []
    '__id' => 203
]

$_SERVER = [
    'REDIRECT_STATUS' => '200'
    'HTTP_HOST' => 'saesp'
    'HTTP_CONNECTION' => 'keep-alive'
    'HTTP_PRAGMA' => 'no-cache'
    'HTTP_CACHE_CONTROL' => 'no-cache'
    'HTTP_UPGRADE_INSECURE_REQUESTS' => '1'
    'HTTP_USER_AGENT' => 'Mozilla/5.0 (Windows NT 6.1; Win64; x64) AppleWebKit/537.36 (KHTML, like Gecko) Chrome/69.0.3497.100 Safari/537.36'
    'HTTP_ACCEPT' => 'text/html,application/xhtml+xml,application/xml;q=0.9,image/webp,image/apng,*/*;q=0.8'
    'HTTP_REFERER' => 'http://saesp/selecao/index'
    'HTTP_ACCEPT_ENCODING' => 'gzip, deflate'
    'HTTP_ACCEPT_LANGUAGE' => 'pt-BR,pt;q=0.9,en-US;q=0.8,en;q=0.7,und;q=0.6'
    'HTTP_COOKIE' => '_csrf=dd634ded9947ec17e5b1729b0e1967b331f30a50d4b7227b136afe96892a7265a%3A2%3A%7Bi%3A0%3Bs%3A5%3A%22_csrf%22%3Bi%3A1%3Bs%3A32%3A%22K6QBqDxUpIZYhcdmSJutzkj4ZErxdeaO%22%3B%7D; PHPSESSID=hmv0itu27oqiv3r5irm83f81m7; _identity=4d247d21d62d07e95233ba88acfbaef1f1974b0ebde836cf6180fe9ecf740206a%3A2%3A%7Bi%3A0%3Bs%3A9%3A%22_identity%22%3Bi%3A1%3Bs%3A18%3A%22%5B203%2Cnull%2C2592000%5D%22%3B%7D'
    'PATH' => 'C:\\ProgramData\\Oracle\\Java\\javapath;C:\\app\\patrick.tapajos\\product\\11.2.0\\client_2\\bin;C:\\app\\patrick.tapajos\\product\\11.2.0\\client_1;C:\\Program Files (x86)\\Oracle\\bin;C:\\Windows\\system32;C:\\Windows;C:\\Windows\\System32\\Wbem;C:\\Windows\\System32\\WindowsPowerShell\\v1.0\\;C:\\wamp\\bin\\php\\php5.6.25;C:\\wamp\\www\\dsv\\yii\\framework;C:\\wamp\\www\\dsv\\yii-1.1\\framework;C:\\wamp\\www\\dsv\\yii-1.13\\framework;C:\\Android\\platform-tools;C:\\Django-1.4.1\\django\\bin;C:\\Borland\\BCC55\\Bin;C:\\jboss\\bin;C:\\wamp\\bin\\mysql\\mysql5.1.30\\bin;C:\\Program Files (x86)\\Java\\jdk1.8.0_152\\bin;C:\\BitNami\\wappstack-5.4.15-0\\apache2\\htdocs\\dsv\\yii-1.1;C:\\BitNami\\wappstack-5.4.15-0\\php;C:\\bin;C:\\Program Files\\TortoiseGit\\bin;C:\\Program Files\\Git\\cmd;C:\\Program Files\\apache-maven-3.3.9\\bin;C:\\Program Files\\nodejs\\;C:\\ProgramData\\ComposerSetup\\bin;C:\\Users\\patrick.tapajos.SUBTI\\AppData\\Local\\Android\\sdk;C:\\Users\\patrick.tapajos.SUBTI\\AppData\\Local\\Android\\sdk\\platform-tools;C:\\Gradle\\gradle-4.5\\bin;C:\\Program Files\\TortoiseSVN\\bin;'
    'SystemRoot' => 'C:\\Windows'
    'COMSPEC' => 'C:\\Windows\\system32\\cmd.exe'
    'PATHEXT' => '.COM;.EXE;.BAT;.CMD;.VBS;.VBE;.JS;.JSE;.WSF;.WSH;.MSC'
    'WINDIR' => 'C:\\Windows'
    'SERVER_SIGNATURE' => '<address>Apache/2.4.23 (Win32) PHP/5.6.25 Server at saesp Port 80</address>
'
    'SERVER_SOFTWARE' => 'Apache/2.4.23 (Win32) PHP/5.6.25'
    'SERVER_NAME' => 'saesp'
    'SERVER_ADDR' => '127.0.0.1'
    'SERVER_PORT' => '80'
    'REMOTE_ADDR' => '127.0.0.1'
    'DOCUMENT_ROOT' => 'C:/wamp/www/dsv/saespdev/web'
    'REQUEST_SCHEME' => 'http'
    'CONTEXT_PREFIX' => ''
    'CONTEXT_DOCUMENT_ROOT' => 'C:/wamp/www/dsv/saespdev/web'
    'SERVER_ADMIN' => 'wampserver@wampserver.invalid'
    'SCRIPT_FILENAME' => 'C:/wamp/www/dsv/saespdev/web/index.php'
    'REMOTE_PORT' => '60716'
    'REDIRECT_URL' => '/selecao/create'
    'GATEWAY_INTERFACE' => 'CGI/1.1'
    'SERVER_PROTOCOL' => 'HTTP/1.1'
    'REQUEST_METHOD' => 'GET'
    'QUERY_STRING' => ''
    'REQUEST_URI' => '/selecao/create'
    'SCRIPT_NAME' => '/index.php'
    'PHP_SELF' => '/index.php'
    'REQUEST_TIME_FLOAT' => 1537887231.654
    'REQUEST_TIME' => 1537887231
    'YII_DEBUG' => 'true'
    'YII_ENV_DEV' => 'true'
    'DB_HOST' => 'oci:dbname=172.18.1.10/stidsv;charset=UTF8'
    'DB_USER' => 'saesp'
    'DB_PASS' => '123S.E.N.H.A.321'
    'EMAIL_HOST' => 'email.pmm.am.gov.br'
    'EMAIL_USER' => 'email.sistemas@pmm.am.gov.br'
    'EMAIL_PASS' => 'Email!@#2014'
]
2018-09-25 10:54:14 [127.0.0.1][203][hmv0itu27oqiv3r5irm83f81m7][error][yii\base\ErrorException:1] exception 'yii\base\ErrorException' with message 'Call to a member function label() on string' in C:\wamp\www\dsv\saespdev\views\selecao\_form.php:28
Stack trace:
#0 C:\wamp\www\dsv\saespdev\vendor\yiisoft\yii2\base\View.php(250): yii\base\View->renderPhpFile()
#1 C:\wamp\www\dsv\saespdev\vendor\yiisoft\yii2\base\View.php(152): yii\base\View->renderFile()
#2 C:\wamp\www\dsv\saespdev\views\selecao\create.php(19): yii\base\View->render()
#3 C:\wamp\www\dsv\saespdev\vendor\yiisoft\yii2\base\View.php(332): ::unknown()
#4 C:\wamp\www\dsv\saespdev\vendor\yiisoft\yii2\base\View.php(250): yii\base\View->renderPhpFile()
#5 C:\wamp\www\dsv\saespdev\vendor\yiisoft\yii2\base\View.php(152): yii\base\View->renderFile()
#6 C:\wamp\www\dsv\saespdev\vendor\yiisoft\yii2\base\Controller.php(384): yii\base\View->render()
#7 C:\wamp\www\dsv\saespdev\controllers\SelecaoController.php(87): yii\base\Controller->render()
#8 C:\wamp\www\dsv\saespdev\vendor\yiisoft\yii2\base\InlineAction.php(57): app\controllers\SelecaoController->actionCreate()
#9 C:\wamp\www\dsv\saespdev\vendor\yiisoft\yii2\base\InlineAction.php(57): ::call_user_func_array:{C:\wamp\www\dsv\saespdev\vendor\yiisoft\yii2\base\InlineAction.php:57}()
#10 C:\wamp\www\dsv\saespdev\vendor\yiisoft\yii2\base\Controller.php(157): yii\base\InlineAction->runWithParams()
#11 C:\wamp\www\dsv\saespdev\vendor\yiisoft\yii2\base\Module.php(528): yii\base\Controller->runAction()
#12 C:\wamp\www\dsv\saespdev\vendor\yiisoft\yii2\web\Application.php(103): yii\base\Module->runAction()
#13 C:\wamp\www\dsv\saespdev\vendor\yiisoft\yii2\base\Application.php(386): yii\web\Application->handleRequest()
#14 C:\wamp\www\dsv\saespdev\web\index.php(11): yii\base\Application->run()
#15 {main}
2018-09-25 10:54:13 [127.0.0.1][203][hmv0itu27oqiv3r5irm83f81m7][info][application] $_COOKIE = [
    '_csrf' => 'dd634ded9947ec17e5b1729b0e1967b331f30a50d4b7227b136afe96892a7265a:2:{i:0;s:5:\"_csrf\";i:1;s:32:\"K6QBqDxUpIZYhcdmSJutzkj4ZErxdeaO\";}'
    'PHPSESSID' => 'hmv0itu27oqiv3r5irm83f81m7'
    '_identity' => '4d247d21d62d07e95233ba88acfbaef1f1974b0ebde836cf6180fe9ecf740206a:2:{i:0;s:9:\"_identity\";i:1;s:18:\"[203,null,2592000]\";}'
]

$_SESSION = [
    '__flash' => []
    '__id' => 203
]

$_SERVER = [
    'REDIRECT_STATUS' => '200'
    'HTTP_HOST' => 'saesp'
    'HTTP_CONNECTION' => 'keep-alive'
    'HTTP_PRAGMA' => 'no-cache'
    'HTTP_CACHE_CONTROL' => 'no-cache'
    'HTTP_UPGRADE_INSECURE_REQUESTS' => '1'
    'HTTP_USER_AGENT' => 'Mozilla/5.0 (Windows NT 6.1; Win64; x64) AppleWebKit/537.36 (KHTML, like Gecko) Chrome/69.0.3497.100 Safari/537.36'
    'HTTP_ACCEPT' => 'text/html,application/xhtml+xml,application/xml;q=0.9,image/webp,image/apng,*/*;q=0.8'
    'HTTP_REFERER' => 'http://saesp/selecao/index'
    'HTTP_ACCEPT_ENCODING' => 'gzip, deflate'
    'HTTP_ACCEPT_LANGUAGE' => 'pt-BR,pt;q=0.9,en-US;q=0.8,en;q=0.7,und;q=0.6'
    'HTTP_COOKIE' => '_csrf=dd634ded9947ec17e5b1729b0e1967b331f30a50d4b7227b136afe96892a7265a%3A2%3A%7Bi%3A0%3Bs%3A5%3A%22_csrf%22%3Bi%3A1%3Bs%3A32%3A%22K6QBqDxUpIZYhcdmSJutzkj4ZErxdeaO%22%3B%7D; PHPSESSID=hmv0itu27oqiv3r5irm83f81m7; _identity=4d247d21d62d07e95233ba88acfbaef1f1974b0ebde836cf6180fe9ecf740206a%3A2%3A%7Bi%3A0%3Bs%3A9%3A%22_identity%22%3Bi%3A1%3Bs%3A18%3A%22%5B203%2Cnull%2C2592000%5D%22%3B%7D'
    'PATH' => 'C:\\ProgramData\\Oracle\\Java\\javapath;C:\\app\\patrick.tapajos\\product\\11.2.0\\client_2\\bin;C:\\app\\patrick.tapajos\\product\\11.2.0\\client_1;C:\\Program Files (x86)\\Oracle\\bin;C:\\Windows\\system32;C:\\Windows;C:\\Windows\\System32\\Wbem;C:\\Windows\\System32\\WindowsPowerShell\\v1.0\\;C:\\wamp\\bin\\php\\php5.6.25;C:\\wamp\\www\\dsv\\yii\\framework;C:\\wamp\\www\\dsv\\yii-1.1\\framework;C:\\wamp\\www\\dsv\\yii-1.13\\framework;C:\\Android\\platform-tools;C:\\Django-1.4.1\\django\\bin;C:\\Borland\\BCC55\\Bin;C:\\jboss\\bin;C:\\wamp\\bin\\mysql\\mysql5.1.30\\bin;C:\\Program Files (x86)\\Java\\jdk1.8.0_152\\bin;C:\\BitNami\\wappstack-5.4.15-0\\apache2\\htdocs\\dsv\\yii-1.1;C:\\BitNami\\wappstack-5.4.15-0\\php;C:\\bin;C:\\Program Files\\TortoiseGit\\bin;C:\\Program Files\\Git\\cmd;C:\\Program Files\\apache-maven-3.3.9\\bin;C:\\Program Files\\nodejs\\;C:\\ProgramData\\ComposerSetup\\bin;C:\\Users\\patrick.tapajos.SUBTI\\AppData\\Local\\Android\\sdk;C:\\Users\\patrick.tapajos.SUBTI\\AppData\\Local\\Android\\sdk\\platform-tools;C:\\Gradle\\gradle-4.5\\bin;C:\\Program Files\\TortoiseSVN\\bin;'
    'SystemRoot' => 'C:\\Windows'
    'COMSPEC' => 'C:\\Windows\\system32\\cmd.exe'
    'PATHEXT' => '.COM;.EXE;.BAT;.CMD;.VBS;.VBE;.JS;.JSE;.WSF;.WSH;.MSC'
    'WINDIR' => 'C:\\Windows'
    'SERVER_SIGNATURE' => '<address>Apache/2.4.23 (Win32) PHP/5.6.25 Server at saesp Port 80</address>
'
    'SERVER_SOFTWARE' => 'Apache/2.4.23 (Win32) PHP/5.6.25'
    'SERVER_NAME' => 'saesp'
    'SERVER_ADDR' => '127.0.0.1'
    'SERVER_PORT' => '80'
    'REMOTE_ADDR' => '127.0.0.1'
    'DOCUMENT_ROOT' => 'C:/wamp/www/dsv/saespdev/web'
    'REQUEST_SCHEME' => 'http'
    'CONTEXT_PREFIX' => ''
    'CONTEXT_DOCUMENT_ROOT' => 'C:/wamp/www/dsv/saespdev/web'
    'SERVER_ADMIN' => 'wampserver@wampserver.invalid'
    'SCRIPT_FILENAME' => 'C:/wamp/www/dsv/saespdev/web/index.php'
    'REMOTE_PORT' => '60805'
    'REDIRECT_URL' => '/selecao/create'
    'GATEWAY_INTERFACE' => 'CGI/1.1'
    'SERVER_PROTOCOL' => 'HTTP/1.1'
    'REQUEST_METHOD' => 'GET'
    'QUERY_STRING' => ''
    'REQUEST_URI' => '/selecao/create'
    'SCRIPT_NAME' => '/index.php'
    'PHP_SELF' => '/index.php'
    'REQUEST_TIME_FLOAT' => 1537887253.838
    'REQUEST_TIME' => 1537887253
    'YII_DEBUG' => 'true'
    'YII_ENV_DEV' => 'true'
    'DB_HOST' => 'oci:dbname=172.18.1.10/stidsv;charset=UTF8'
    'DB_USER' => 'saesp'
    'DB_PASS' => '123S.E.N.H.A.321'
    'EMAIL_HOST' => 'email.pmm.am.gov.br'
    'EMAIL_USER' => 'email.sistemas@pmm.am.gov.br'
    'EMAIL_PASS' => 'Email!@#2014'
]
2018-09-25 11:27:17 [127.0.0.1][203][hmv0itu27oqiv3r5irm83f81m7][error][yii\web\HttpException:403] exception 'yii\web\HttpException' with message 'J치 existe um Processo Seletivo em andamento.' in C:\wamp\www\dsv\saespdev\controllers\SelecaoController.php:76
Stack trace:
#0 [internal function]: app\controllers\SelecaoController->actionCreate()
#1 C:\wamp\www\dsv\saespdev\vendor\yiisoft\yii2\base\InlineAction.php(57): call_user_func_array(Array, Array)
#2 C:\wamp\www\dsv\saespdev\vendor\yiisoft\yii2\base\Controller.php(157): yii\base\InlineAction->runWithParams(Array)
#3 C:\wamp\www\dsv\saespdev\vendor\yiisoft\yii2\base\Module.php(528): yii\base\Controller->runAction('create', Array)
#4 C:\wamp\www\dsv\saespdev\vendor\yiisoft\yii2\web\Application.php(103): yii\base\Module->runAction('selecao/create', Array)
#5 C:\wamp\www\dsv\saespdev\vendor\yiisoft\yii2\base\Application.php(386): yii\web\Application->handleRequest(Object(yii\web\Request))
#6 C:\wamp\www\dsv\saespdev\web\index.php(11): yii\base\Application->run()
#7 {main}
2018-09-25 11:27:16 [127.0.0.1][203][hmv0itu27oqiv3r5irm83f81m7][info][application] $_COOKIE = [
    '_csrf' => 'dd634ded9947ec17e5b1729b0e1967b331f30a50d4b7227b136afe96892a7265a:2:{i:0;s:5:\"_csrf\";i:1;s:32:\"K6QBqDxUpIZYhcdmSJutzkj4ZErxdeaO\";}'
    'PHPSESSID' => 'hmv0itu27oqiv3r5irm83f81m7'
    '_identity' => '4d247d21d62d07e95233ba88acfbaef1f1974b0ebde836cf6180fe9ecf740206a:2:{i:0;s:9:\"_identity\";i:1;s:18:\"[203,null,2592000]\";}'
]

$_SESSION = [
    '__flash' => []
    '__id' => 203
]

$_SERVER = [
    'REDIRECT_STATUS' => '200'
    'HTTP_HOST' => 'saesp'
    'HTTP_CONNECTION' => 'keep-alive'
    'HTTP_UPGRADE_INSECURE_REQUESTS' => '1'
    'HTTP_USER_AGENT' => 'Mozilla/5.0 (Windows NT 6.1; Win64; x64) AppleWebKit/537.36 (KHTML, like Gecko) Chrome/69.0.3497.100 Safari/537.36'
    'HTTP_ACCEPT' => 'text/html,application/xhtml+xml,application/xml;q=0.9,image/webp,image/apng,*/*;q=0.8'
    'HTTP_REFERER' => 'http://saesp/selecao/index?SelecaoSearch%5BSEL_TITULO%5D=&SelecaoSearch%5BSEL_DT_INICIO_CAD%5D=&SelecaoSearch%5BSEL_DT_FIM_CAD%5D=&SelecaoSearch%5BSEL_DT_INICIO%5D=&SelecaoSearch%5BSEL_DT_FIM%5D=&SelecaoSearch%5BSEL_SITUACAO%5D=CADASTRADO'
    'HTTP_ACCEPT_ENCODING' => 'gzip, deflate'
    'HTTP_ACCEPT_LANGUAGE' => 'pt-BR,pt;q=0.9,en-US;q=0.8,en;q=0.7,und;q=0.6'
    'HTTP_COOKIE' => '_csrf=dd634ded9947ec17e5b1729b0e1967b331f30a50d4b7227b136afe96892a7265a%3A2%3A%7Bi%3A0%3Bs%3A5%3A%22_csrf%22%3Bi%3A1%3Bs%3A32%3A%22K6QBqDxUpIZYhcdmSJutzkj4ZErxdeaO%22%3B%7D; PHPSESSID=hmv0itu27oqiv3r5irm83f81m7; _identity=4d247d21d62d07e95233ba88acfbaef1f1974b0ebde836cf6180fe9ecf740206a%3A2%3A%7Bi%3A0%3Bs%3A9%3A%22_identity%22%3Bi%3A1%3Bs%3A18%3A%22%5B203%2Cnull%2C2592000%5D%22%3B%7D'
    'PATH' => 'C:\\ProgramData\\Oracle\\Java\\javapath;C:\\app\\patrick.tapajos\\product\\11.2.0\\client_2\\bin;C:\\app\\patrick.tapajos\\product\\11.2.0\\client_1;C:\\Program Files (x86)\\Oracle\\bin;C:\\Windows\\system32;C:\\Windows;C:\\Windows\\System32\\Wbem;C:\\Windows\\System32\\WindowsPowerShell\\v1.0\\;C:\\wamp\\bin\\php\\php5.6.25;C:\\wamp\\www\\dsv\\yii\\framework;C:\\wamp\\www\\dsv\\yii-1.1\\framework;C:\\wamp\\www\\dsv\\yii-1.13\\framework;C:\\Android\\platform-tools;C:\\Django-1.4.1\\django\\bin;C:\\Borland\\BCC55\\Bin;C:\\jboss\\bin;C:\\wamp\\bin\\mysql\\mysql5.1.30\\bin;C:\\Program Files (x86)\\Java\\jdk1.8.0_152\\bin;C:\\BitNami\\wappstack-5.4.15-0\\apache2\\htdocs\\dsv\\yii-1.1;C:\\BitNami\\wappstack-5.4.15-0\\php;C:\\bin;C:\\Program Files\\TortoiseGit\\bin;C:\\Program Files\\Git\\cmd;C:\\Program Files\\apache-maven-3.3.9\\bin;C:\\Program Files\\nodejs\\;C:\\ProgramData\\ComposerSetup\\bin;C:\\Users\\patrick.tapajos.SUBTI\\AppData\\Local\\Android\\sdk;C:\\Users\\patrick.tapajos.SUBTI\\AppData\\Local\\Android\\sdk\\platform-tools;C:\\Gradle\\gradle-4.5\\bin;C:\\Program Files\\TortoiseSVN\\bin;'
    'SystemRoot' => 'C:\\Windows'
    'COMSPEC' => 'C:\\Windows\\system32\\cmd.exe'
    'PATHEXT' => '.COM;.EXE;.BAT;.CMD;.VBS;.VBE;.JS;.JSE;.WSF;.WSH;.MSC'
    'WINDIR' => 'C:\\Windows'
    'SERVER_SIGNATURE' => '<address>Apache/2.4.23 (Win32) PHP/5.6.25 Server at saesp Port 80</address>
'
    'SERVER_SOFTWARE' => 'Apache/2.4.23 (Win32) PHP/5.6.25'
    'SERVER_NAME' => 'saesp'
    'SERVER_ADDR' => '127.0.0.1'
    'SERVER_PORT' => '80'
    'REMOTE_ADDR' => '127.0.0.1'
    'DOCUMENT_ROOT' => 'C:/wamp/www/dsv/saespdev/web'
    'REQUEST_SCHEME' => 'http'
    'CONTEXT_PREFIX' => ''
    'CONTEXT_DOCUMENT_ROOT' => 'C:/wamp/www/dsv/saespdev/web'
    'SERVER_ADMIN' => 'wampserver@wampserver.invalid'
    'SCRIPT_FILENAME' => 'C:/wamp/www/dsv/saespdev/web/index.php'
    'REMOTE_PORT' => '51727'
    'REDIRECT_URL' => '/selecao/create'
    'GATEWAY_INTERFACE' => 'CGI/1.1'
    'SERVER_PROTOCOL' => 'HTTP/1.1'
    'REQUEST_METHOD' => 'GET'
    'QUERY_STRING' => ''
    'REQUEST_URI' => '/selecao/create'
    'SCRIPT_NAME' => '/index.php'
    'PHP_SELF' => '/index.php'
    'REQUEST_TIME_FLOAT' => 1537889236.758
    'REQUEST_TIME' => 1537889236
    'YII_DEBUG' => 'true'
    'YII_ENV_DEV' => 'true'
    'DB_HOST' => 'oci:dbname=172.18.1.10/stidsv;charset=UTF8'
    'DB_USER' => 'saesp'
    'DB_PASS' => '123S.E.N.H.A.321'
    'EMAIL_HOST' => 'email.pmm.am.gov.br'
    'EMAIL_USER' => 'email.sistemas@pmm.am.gov.br'
    'EMAIL_PASS' => 'Email!@#2014'
]
2018-09-25 11:27:31 [127.0.0.1][203][hmv0itu27oqiv3r5irm83f81m7][error][yii\base\ErrorException:1] exception 'yii\base\ErrorException' with message 'Class 'app\models\InscricaomodalidadeSearch' not found' in C:\wamp\www\dsv\saespdev\controllers\SelecaoController.php:58
Stack trace:
#0 C:\wamp\www\dsv\saespdev\vendor\yiisoft\yii2\base\InlineAction.php(57): ::call_user_func_array:{C:\wamp\www\dsv\saespdev\vendor\yiisoft\yii2\base\InlineAction.php:57}()
#1 C:\wamp\www\dsv\saespdev\vendor\yiisoft\yii2\base\Controller.php(157): yii\base\InlineAction->runWithParams()
#2 C:\wamp\www\dsv\saespdev\vendor\yiisoft\yii2\base\Module.php(528): yii\base\Controller->runAction()
#3 C:\wamp\www\dsv\saespdev\vendor\yiisoft\yii2\web\Application.php(103): yii\base\Module->runAction()
#4 C:\wamp\www\dsv\saespdev\vendor\yiisoft\yii2\base\Application.php(386): yii\web\Application->handleRequest()
#5 C:\wamp\www\dsv\saespdev\web\index.php(11): yii\base\Application->run()
#6 {main}
2018-09-25 11:27:31 [127.0.0.1][203][hmv0itu27oqiv3r5irm83f81m7][info][application] $_GET = [
    'id' => '61'
]

$_COOKIE = [
    '_csrf' => 'dd634ded9947ec17e5b1729b0e1967b331f30a50d4b7227b136afe96892a7265a:2:{i:0;s:5:\"_csrf\";i:1;s:32:\"K6QBqDxUpIZYhcdmSJutzkj4ZErxdeaO\";}'
    'PHPSESSID' => 'hmv0itu27oqiv3r5irm83f81m7'
    '_identity' => '4d247d21d62d07e95233ba88acfbaef1f1974b0ebde836cf6180fe9ecf740206a:2:{i:0;s:9:\"_identity\";i:1;s:18:\"[203,null,2592000]\";}'
]

$_SESSION = [
    '__flash' => []
    '__id' => 203
]

$_SERVER = [
    'REDIRECT_STATUS' => '200'
    'HTTP_HOST' => 'saesp'
    'HTTP_CONNECTION' => 'keep-alive'
    'HTTP_UPGRADE_INSECURE_REQUESTS' => '1'
    'HTTP_USER_AGENT' => 'Mozilla/5.0 (Windows NT 6.1; Win64; x64) AppleWebKit/537.36 (KHTML, like Gecko) Chrome/69.0.3497.100 Safari/537.36'
    'HTTP_ACCEPT' => 'text/html,application/xhtml+xml,application/xml;q=0.9,image/webp,image/apng,*/*;q=0.8'
    'HTTP_REFERER' => 'http://saesp/selecao/index?SelecaoSearch%5BSEL_TITULO%5D=&SelecaoSearch%5BSEL_DT_INICIO_CAD%5D=&SelecaoSearch%5BSEL_DT_FIM_CAD%5D=&SelecaoSearch%5BSEL_DT_INICIO%5D=&SelecaoSearch%5BSEL_DT_FIM%5D=&SelecaoSearch%5BSEL_SITUACAO%5D=CADASTRADO'
    'HTTP_ACCEPT_ENCODING' => 'gzip, deflate'
    'HTTP_ACCEPT_LANGUAGE' => 'pt-BR,pt;q=0.9,en-US;q=0.8,en;q=0.7,und;q=0.6'
    'HTTP_COOKIE' => '_csrf=dd634ded9947ec17e5b1729b0e1967b331f30a50d4b7227b136afe96892a7265a%3A2%3A%7Bi%3A0%3Bs%3A5%3A%22_csrf%22%3Bi%3A1%3Bs%3A32%3A%22K6QBqDxUpIZYhcdmSJutzkj4ZErxdeaO%22%3B%7D; PHPSESSID=hmv0itu27oqiv3r5irm83f81m7; _identity=4d247d21d62d07e95233ba88acfbaef1f1974b0ebde836cf6180fe9ecf740206a%3A2%3A%7Bi%3A0%3Bs%3A9%3A%22_identity%22%3Bi%3A1%3Bs%3A18%3A%22%5B203%2Cnull%2C2592000%5D%22%3B%7D'
    'PATH' => 'C:\\ProgramData\\Oracle\\Java\\javapath;C:\\app\\patrick.tapajos\\product\\11.2.0\\client_2\\bin;C:\\app\\patrick.tapajos\\product\\11.2.0\\client_1;C:\\Program Files (x86)\\Oracle\\bin;C:\\Windows\\system32;C:\\Windows;C:\\Windows\\System32\\Wbem;C:\\Windows\\System32\\WindowsPowerShell\\v1.0\\;C:\\wamp\\bin\\php\\php5.6.25;C:\\wamp\\www\\dsv\\yii\\framework;C:\\wamp\\www\\dsv\\yii-1.1\\framework;C:\\wamp\\www\\dsv\\yii-1.13\\framework;C:\\Android\\platform-tools;C:\\Django-1.4.1\\django\\bin;C:\\Borland\\BCC55\\Bin;C:\\jboss\\bin;C:\\wamp\\bin\\mysql\\mysql5.1.30\\bin;C:\\Program Files (x86)\\Java\\jdk1.8.0_152\\bin;C:\\BitNami\\wappstack-5.4.15-0\\apache2\\htdocs\\dsv\\yii-1.1;C:\\BitNami\\wappstack-5.4.15-0\\php;C:\\bin;C:\\Program Files\\TortoiseGit\\bin;C:\\Program Files\\Git\\cmd;C:\\Program Files\\apache-maven-3.3.9\\bin;C:\\Program Files\\nodejs\\;C:\\ProgramData\\ComposerSetup\\bin;C:\\Users\\patrick.tapajos.SUBTI\\AppData\\Local\\Android\\sdk;C:\\Users\\patrick.tapajos.SUBTI\\AppData\\Local\\Android\\sdk\\platform-tools;C:\\Gradle\\gradle-4.5\\bin;C:\\Program Files\\TortoiseSVN\\bin;'
    'SystemRoot' => 'C:\\Windows'
    'COMSPEC' => 'C:\\Windows\\system32\\cmd.exe'
    'PATHEXT' => '.COM;.EXE;.BAT;.CMD;.VBS;.VBE;.JS;.JSE;.WSF;.WSH;.MSC'
    'WINDIR' => 'C:\\Windows'
    'SERVER_SIGNATURE' => '<address>Apache/2.4.23 (Win32) PHP/5.6.25 Server at saesp Port 80</address>
'
    'SERVER_SOFTWARE' => 'Apache/2.4.23 (Win32) PHP/5.6.25'
    'SERVER_NAME' => 'saesp'
    'SERVER_ADDR' => '127.0.0.1'
    'SERVER_PORT' => '80'
    'REMOTE_ADDR' => '127.0.0.1'
    'DOCUMENT_ROOT' => 'C:/wamp/www/dsv/saespdev/web'
    'REQUEST_SCHEME' => 'http'
    'CONTEXT_PREFIX' => ''
    'CONTEXT_DOCUMENT_ROOT' => 'C:/wamp/www/dsv/saespdev/web'
    'SERVER_ADMIN' => 'wampserver@wampserver.invalid'
    'SCRIPT_FILENAME' => 'C:/wamp/www/dsv/saespdev/web/index.php'
    'REMOTE_PORT' => '51804'
    'REDIRECT_URL' => '/selecao/view'
    'REDIRECT_QUERY_STRING' => 'id=61'
    'GATEWAY_INTERFACE' => 'CGI/1.1'
    'SERVER_PROTOCOL' => 'HTTP/1.1'
    'REQUEST_METHOD' => 'GET'
    'QUERY_STRING' => 'id=61'
    'REQUEST_URI' => '/selecao/view?id=61'
    'SCRIPT_NAME' => '/index.php'
    'PHP_SELF' => '/index.php'
    'REQUEST_TIME_FLOAT' => 1537889251.12
    'REQUEST_TIME' => 1537889251
    'YII_DEBUG' => 'true'
    'YII_ENV_DEV' => 'true'
    'DB_HOST' => 'oci:dbname=172.18.1.10/stidsv;charset=UTF8'
    'DB_USER' => 'saesp'
    'DB_PASS' => '123S.E.N.H.A.321'
    'EMAIL_HOST' => 'email.pmm.am.gov.br'
    'EMAIL_USER' => 'email.sistemas@pmm.am.gov.br'
    'EMAIL_PASS' => 'Email!@#2014'
]
2018-09-25 11:29:33 [127.0.0.1][203][hmv0itu27oqiv3r5irm83f81m7][error][yii\base\InvalidConfigException] exception 'yii\base\InvalidConfigException' with message 'The "dataProvider" property must be set.' in C:\wamp\www\dsv\saespdev\vendor\yiisoft\yii2\widgets\BaseListView.php:118
Stack trace:
#0 C:\wamp\www\dsv\saespdev\vendor\yiisoft\yii2\grid\GridView.php(265): yii\widgets\BaseListView->init()
#1 C:\wamp\www\dsv\saespdev\vendor\yiisoft\yii2\base\BaseObject.php(108): yii\grid\GridView->init()
#2 [internal function]: yii\base\BaseObject->__construct(Array)
#3 C:\wamp\www\dsv\saespdev\vendor\yiisoft\yii2\di\Container.php(381): ReflectionClass->newInstanceArgs(Array)
#4 C:\wamp\www\dsv\saespdev\vendor\yiisoft\yii2\di\Container.php(156): yii\di\Container->build('yii\\grid\\GridVi...', Array, Array)
#5 C:\wamp\www\dsv\saespdev\vendor\yiisoft\yii2\BaseYii.php(349): yii\di\Container->get('yii\\grid\\GridVi...', Array, Array)
#6 C:\wamp\www\dsv\saespdev\vendor\yiisoft\yii2\base\Widget.php(137): yii\BaseYii::createObject(Array)
#7 C:\wamp\www\dsv\saespdev\views\selecao\view.php(48): yii\base\Widget::widget(Array)
#8 C:\wamp\www\dsv\saespdev\vendor\yiisoft\yii2\base\View.php(332): require('C:\\wamp\\www\\dsv...')
#9 C:\wamp\www\dsv\saespdev\vendor\yiisoft\yii2\base\View.php(250): yii\base\View->renderPhpFile('C:\\wamp\\www\\dsv...', Array)
#10 C:\wamp\www\dsv\saespdev\vendor\yiisoft\yii2\base\View.php(152): yii\base\View->renderFile('C:\\wamp\\www\\dsv...', Array, Object(app\controllers\SelecaoController))
#11 C:\wamp\www\dsv\saespdev\vendor\yiisoft\yii2\base\Controller.php(384): yii\base\View->render('view', Array, Object(app\controllers\SelecaoController))
#12 C:\wamp\www\dsv\saespdev\controllers\SelecaoController.php(60): yii\base\Controller->render('view', Array)
#13 [internal function]: app\controllers\SelecaoController->actionView('61')
#14 C:\wamp\www\dsv\saespdev\vendor\yiisoft\yii2\base\InlineAction.php(57): call_user_func_array(Array, Array)
#15 C:\wamp\www\dsv\saespdev\vendor\yiisoft\yii2\base\Controller.php(157): yii\base\InlineAction->runWithParams(Array)
#16 C:\wamp\www\dsv\saespdev\vendor\yiisoft\yii2\base\Module.php(528): yii\base\Controller->runAction('view', Array)
#17 C:\wamp\www\dsv\saespdev\vendor\yiisoft\yii2\web\Application.php(103): yii\base\Module->runAction('selecao/view', Array)
#18 C:\wamp\www\dsv\saespdev\vendor\yiisoft\yii2\base\Application.php(386): yii\web\Application->handleRequest(Object(yii\web\Request))
#19 C:\wamp\www\dsv\saespdev\web\index.php(11): yii\base\Application->run()
#20 {main}
2018-09-25 11:29:32 [127.0.0.1][203][hmv0itu27oqiv3r5irm83f81m7][info][application] $_GET = [
    'id' => '61'
]

$_COOKIE = [
    '_csrf' => 'dd634ded9947ec17e5b1729b0e1967b331f30a50d4b7227b136afe96892a7265a:2:{i:0;s:5:\"_csrf\";i:1;s:32:\"K6QBqDxUpIZYhcdmSJutzkj4ZErxdeaO\";}'
    'PHPSESSID' => 'hmv0itu27oqiv3r5irm83f81m7'
    '_identity' => '4d247d21d62d07e95233ba88acfbaef1f1974b0ebde836cf6180fe9ecf740206a:2:{i:0;s:9:\"_identity\";i:1;s:18:\"[203,null,2592000]\";}'
]

$_SESSION = [
    '__flash' => []
    '__id' => 203
]

$_SERVER = [
    'REDIRECT_STATUS' => '200'
    'HTTP_HOST' => 'saesp'
    'HTTP_CONNECTION' => 'keep-alive'
    'HTTP_CACHE_CONTROL' => 'max-age=0'
    'HTTP_UPGRADE_INSECURE_REQUESTS' => '1'
    'HTTP_USER_AGENT' => 'Mozilla/5.0 (Windows NT 6.1; Win64; x64) AppleWebKit/537.36 (KHTML, like Gecko) Chrome/69.0.3497.100 Safari/537.36'
    'HTTP_ACCEPT' => 'text/html,application/xhtml+xml,application/xml;q=0.9,image/webp,image/apng,*/*;q=0.8'
    'HTTP_REFERER' => 'http://saesp/selecao/index?SelecaoSearch%5BSEL_TITULO%5D=&SelecaoSearch%5BSEL_DT_INICIO_CAD%5D=&SelecaoSearch%5BSEL_DT_FIM_CAD%5D=&SelecaoSearch%5BSEL_DT_INICIO%5D=&SelecaoSearch%5BSEL_DT_FIM%5D=&SelecaoSearch%5BSEL_SITUACAO%5D=CADASTRADO'
    'HTTP_ACCEPT_ENCODING' => 'gzip, deflate'
    'HTTP_ACCEPT_LANGUAGE' => 'pt-BR,pt;q=0.9,en-US;q=0.8,en;q=0.7,und;q=0.6'
    'HTTP_COOKIE' => '_csrf=dd634ded9947ec17e5b1729b0e1967b331f30a50d4b7227b136afe96892a7265a%3A2%3A%7Bi%3A0%3Bs%3A5%3A%22_csrf%22%3Bi%3A1%3Bs%3A32%3A%22K6QBqDxUpIZYhcdmSJutzkj4ZErxdeaO%22%3B%7D; PHPSESSID=hmv0itu27oqiv3r5irm83f81m7; _identity=4d247d21d62d07e95233ba88acfbaef1f1974b0ebde836cf6180fe9ecf740206a%3A2%3A%7Bi%3A0%3Bs%3A9%3A%22_identity%22%3Bi%3A1%3Bs%3A18%3A%22%5B203%2Cnull%2C2592000%5D%22%3B%7D'
    'PATH' => 'C:\\ProgramData\\Oracle\\Java\\javapath;C:\\app\\patrick.tapajos\\product\\11.2.0\\client_2\\bin;C:\\app\\patrick.tapajos\\product\\11.2.0\\client_1;C:\\Program Files (x86)\\Oracle\\bin;C:\\Windows\\system32;C:\\Windows;C:\\Windows\\System32\\Wbem;C:\\Windows\\System32\\WindowsPowerShell\\v1.0\\;C:\\wamp\\bin\\php\\php5.6.25;C:\\wamp\\www\\dsv\\yii\\framework;C:\\wamp\\www\\dsv\\yii-1.1\\framework;C:\\wamp\\www\\dsv\\yii-1.13\\framework;C:\\Android\\platform-tools;C:\\Django-1.4.1\\django\\bin;C:\\Borland\\BCC55\\Bin;C:\\jboss\\bin;C:\\wamp\\bin\\mysql\\mysql5.1.30\\bin;C:\\Program Files (x86)\\Java\\jdk1.8.0_152\\bin;C:\\BitNami\\wappstack-5.4.15-0\\apache2\\htdocs\\dsv\\yii-1.1;C:\\BitNami\\wappstack-5.4.15-0\\php;C:\\bin;C:\\Program Files\\TortoiseGit\\bin;C:\\Program Files\\Git\\cmd;C:\\Program Files\\apache-maven-3.3.9\\bin;C:\\Program Files\\nodejs\\;C:\\ProgramData\\ComposerSetup\\bin;C:\\Users\\patrick.tapajos.SUBTI\\AppData\\Local\\Android\\sdk;C:\\Users\\patrick.tapajos.SUBTI\\AppData\\Local\\Android\\sdk\\platform-tools;C:\\Gradle\\gradle-4.5\\bin;C:\\Program Files\\TortoiseSVN\\bin;'
    'SystemRoot' => 'C:\\Windows'
    'COMSPEC' => 'C:\\Windows\\system32\\cmd.exe'
    'PATHEXT' => '.COM;.EXE;.BAT;.CMD;.VBS;.VBE;.JS;.JSE;.WSF;.WSH;.MSC'
    'WINDIR' => 'C:\\Windows'
    'SERVER_SIGNATURE' => '<address>Apache/2.4.23 (Win32) PHP/5.6.25 Server at saesp Port 80</address>
'
    'SERVER_SOFTWARE' => 'Apache/2.4.23 (Win32) PHP/5.6.25'
    'SERVER_NAME' => 'saesp'
    'SERVER_ADDR' => '127.0.0.1'
    'SERVER_PORT' => '80'
    'REMOTE_ADDR' => '127.0.0.1'
    'DOCUMENT_ROOT' => 'C:/wamp/www/dsv/saespdev/web'
    'REQUEST_SCHEME' => 'http'
    'CONTEXT_PREFIX' => ''
    'CONTEXT_DOCUMENT_ROOT' => 'C:/wamp/www/dsv/saespdev/web'
    'SERVER_ADMIN' => 'wampserver@wampserver.invalid'
    'SCRIPT_FILENAME' => 'C:/wamp/www/dsv/saespdev/web/index.php'
    'REMOTE_PORT' => '52259'
    'REDIRECT_URL' => '/selecao/view'
    'REDIRECT_QUERY_STRING' => 'id=61'
    'GATEWAY_INTERFACE' => 'CGI/1.1'
    'SERVER_PROTOCOL' => 'HTTP/1.1'
    'REQUEST_METHOD' => 'GET'
    'QUERY_STRING' => 'id=61'
    'REQUEST_URI' => '/selecao/view?id=61'
    'SCRIPT_NAME' => '/index.php'
    'PHP_SELF' => '/index.php'
    'REQUEST_TIME_FLOAT' => 1537889372.892
    'REQUEST_TIME' => 1537889372
    'YII_DEBUG' => 'true'
    'YII_ENV_DEV' => 'true'
    'DB_HOST' => 'oci:dbname=172.18.1.10/stidsv;charset=UTF8'
    'DB_USER' => 'saesp'
    'DB_PASS' => '123S.E.N.H.A.321'
    'EMAIL_HOST' => 'email.pmm.am.gov.br'
    'EMAIL_USER' => 'email.sistemas@pmm.am.gov.br'
    'EMAIL_PASS' => 'Email!@#2014'
]
2018-09-25 14:24:31 [127.0.0.1][206][4fij80r2430r0dukvoutm8ucn1][error][yii\db\Exception] exception 'PDOException' with message 'SQLSTATE[HY000]: General error: 904 OCIStmtExecute: ORA-00904: "0": identificador inv치lido
 (ext\pdo_oci\oci_statement.c:148)' in C:\wamp\www\dsv\saespdev\vendor\yiisoft\yii2\db\Command.php:1067
Stack trace:
#0 C:\wamp\www\dsv\saespdev\vendor\yiisoft\yii2\db\Command.php(1067): PDOStatement->execute()
#1 C:\wamp\www\dsv\saespdev\vendor\yiisoft\yii2\db\Command.php(386): yii\db\Command->queryInternal('fetchAll', NULL)
#2 C:\wamp\www\dsv\saespdev\vendor\yiisoft\yii2\db\Query.php(217): yii\db\Command->queryAll()
#3 C:\wamp\www\dsv\saespdev\vendor\yiisoft\yii2\db\ActiveQuery.php(133): yii\db\Query->all(NULL)
#4 C:\wamp\www\dsv\saespdev\controllers\RestController.php(41): yii\db\ActiveQuery->all()
#5 [internal function]: app\controllers\RestController->actionModalidades()
#6 C:\wamp\www\dsv\saespdev\vendor\yiisoft\yii2\base\InlineAction.php(57): call_user_func_array(Array, Array)
#7 C:\wamp\www\dsv\saespdev\vendor\yiisoft\yii2\base\Controller.php(157): yii\base\InlineAction->runWithParams(Array)
#8 C:\wamp\www\dsv\saespdev\vendor\yiisoft\yii2\base\Module.php(528): yii\base\Controller->runAction('modalidades', Array)
#9 C:\wamp\www\dsv\saespdev\vendor\yiisoft\yii2\web\Application.php(103): yii\base\Module->runAction('rest/modalidade...', Array)
#10 C:\wamp\www\dsv\saespdev\vendor\yiisoft\yii2\base\Application.php(386): yii\web\Application->handleRequest(Object(yii\web\Request))
#11 C:\wamp\www\dsv\saespdev\web\index.php(11): yii\base\Application->run()
#12 {main}

Next exception 'yii\db\Exception' with message 'SQLSTATE[HY000]: General error: 904 OCIStmtExecute: ORA-00904: "0": identificador inv치lido
 (ext\pdo_oci\oci_statement.c:148)
The SQL being executed was: SELECT * FROM "MODALIDADE" WHERE CEL_ID = '41' ORDER BY "0"' in C:\wamp\www\dsv\saespdev\vendor\yiisoft\yii2\db\Schema.php:595
Stack trace:
#0 C:\wamp\www\dsv\saespdev\vendor\yiisoft\yii2\db\Command.php(1082): yii\db\Schema->convertException(Object(PDOException), 'SELECT * FROM "...')
#1 C:\wamp\www\dsv\saespdev\vendor\yiisoft\yii2\db\Command.php(386): yii\db\Command->queryInternal('fetchAll', NULL)
#2 C:\wamp\www\dsv\saespdev\vendor\yiisoft\yii2\db\Query.php(217): yii\db\Command->queryAll()
#3 C:\wamp\www\dsv\saespdev\vendor\yiisoft\yii2\db\ActiveQuery.php(133): yii\db\Query->all(NULL)
#4 C:\wamp\www\dsv\saespdev\controllers\RestController.php(41): yii\db\ActiveQuery->all()
#5 [internal function]: app\controllers\RestController->actionModalidades()
#6 C:\wamp\www\dsv\saespdev\vendor\yiisoft\yii2\base\InlineAction.php(57): call_user_func_array(Array, Array)
#7 C:\wamp\www\dsv\saespdev\vendor\yiisoft\yii2\base\Controller.php(157): yii\base\InlineAction->runWithParams(Array)
#8 C:\wamp\www\dsv\saespdev\vendor\yiisoft\yii2\base\Module.php(528): yii\base\Controller->runAction('modalidades', Array)
#9 C:\wamp\www\dsv\saespdev\vendor\yiisoft\yii2\web\Application.php(103): yii\base\Module->runAction('rest/modalidade...', Array)
#10 C:\wamp\www\dsv\saespdev\vendor\yiisoft\yii2\base\Application.php(386): yii\web\Application->handleRequest(Object(yii\web\Request))
#11 C:\wamp\www\dsv\saespdev\web\index.php(11): yii\base\Application->run()
#12 {main}
Additional Information:
Array
(
    [0] => HY000
    [1] => 904
    [2] => OCIStmtExecute: ORA-00904: "0": identificador inv치lido
 (ext\pdo_oci\oci_statement.c:148)
)

2018-09-25 14:24:31 [127.0.0.1][206][4fij80r2430r0dukvoutm8ucn1][info][application] $_COOKIE = [
    '_csrf' => 'dd634ded9947ec17e5b1729b0e1967b331f30a50d4b7227b136afe96892a7265a:2:{i:0;s:5:\"_csrf\";i:1;s:32:\"K6QBqDxUpIZYhcdmSJutzkj4ZErxdeaO\";}'
    'PHPSESSID' => '4fij80r2430r0dukvoutm8ucn1'
    '_identity' => 'c3eb5ea995a9def8e23906e1a2225b8904e016ba39c79e804c89ba7c0881f391a:2:{i:0;s:9:\"_identity\";i:1;s:18:\"[206,null,2592000]\";}'
]

$_SESSION = [
    '__flash' => []
    '__id' => 206
]

$_SERVER = [
    'REDIRECT_STATUS' => '200'
    'HTTP_HOST' => 'saesp'
    'HTTP_CONNECTION' => 'keep-alive'
    'HTTP_PRAGMA' => 'no-cache'
    'HTTP_CACHE_CONTROL' => 'no-cache'
    'HTTP_ACCEPT' => '*/*'
    'HTTP_X_REQUESTED_WITH' => 'XMLHttpRequest'
    'HTTP_USER_AGENT' => 'Mozilla/5.0 (Windows NT 6.1; Win64; x64) AppleWebKit/537.36 (KHTML, like Gecko) Chrome/69.0.3497.100 Safari/537.36'
    'HTTP_REFERER' => 'http://saesp/coordenador/selecaocel/create'
    'HTTP_ACCEPT_ENCODING' => 'gzip, deflate'
    'HTTP_ACCEPT_LANGUAGE' => 'pt-BR,pt;q=0.9,en-US;q=0.8,en;q=0.7,und;q=0.6'
    'HTTP_COOKIE' => '_csrf=dd634ded9947ec17e5b1729b0e1967b331f30a50d4b7227b136afe96892a7265a%3A2%3A%7Bi%3A0%3Bs%3A5%3A%22_csrf%22%3Bi%3A1%3Bs%3A32%3A%22K6QBqDxUpIZYhcdmSJutzkj4ZErxdeaO%22%3B%7D; PHPSESSID=4fij80r2430r0dukvoutm8ucn1; _identity=c3eb5ea995a9def8e23906e1a2225b8904e016ba39c79e804c89ba7c0881f391a%3A2%3A%7Bi%3A0%3Bs%3A9%3A%22_identity%22%3Bi%3A1%3Bs%3A18%3A%22%5B206%2Cnull%2C2592000%5D%22%3B%7D'
    'PATH' => 'C:\\ProgramData\\Oracle\\Java\\javapath;C:\\app\\patrick.tapajos\\product\\11.2.0\\client_2\\bin;C:\\app\\patrick.tapajos\\product\\11.2.0\\client_1;C:\\Program Files (x86)\\Oracle\\bin;C:\\Windows\\system32;C:\\Windows;C:\\Windows\\System32\\Wbem;C:\\Windows\\System32\\WindowsPowerShell\\v1.0\\;C:\\wamp\\bin\\php\\php5.6.25;C:\\wamp\\www\\dsv\\yii\\framework;C:\\wamp\\www\\dsv\\yii-1.1\\framework;C:\\wamp\\www\\dsv\\yii-1.13\\framework;C:\\Android\\platform-tools;C:\\Django-1.4.1\\django\\bin;C:\\Borland\\BCC55\\Bin;C:\\jboss\\bin;C:\\wamp\\bin\\mysql\\mysql5.1.30\\bin;C:\\Program Files (x86)\\Java\\jdk1.8.0_152\\bin;C:\\BitNami\\wappstack-5.4.15-0\\apache2\\htdocs\\dsv\\yii-1.1;C:\\BitNami\\wappstack-5.4.15-0\\php;C:\\bin;C:\\Program Files\\TortoiseGit\\bin;C:\\Program Files\\Git\\cmd;C:\\Program Files\\apache-maven-3.3.9\\bin;C:\\Program Files\\nodejs\\;C:\\ProgramData\\ComposerSetup\\bin;C:\\Users\\patrick.tapajos.SUBTI\\AppData\\Local\\Android\\sdk;C:\\Users\\patrick.tapajos.SUBTI\\AppData\\Local\\Android\\sdk\\platform-tools;C:\\Gradle\\gradle-4.5\\bin;C:\\Program Files\\TortoiseSVN\\bin;'
    'SystemRoot' => 'C:\\Windows'
    'COMSPEC' => 'C:\\Windows\\system32\\cmd.exe'
    'PATHEXT' => '.COM;.EXE;.BAT;.CMD;.VBS;.VBE;.JS;.JSE;.WSF;.WSH;.MSC'
    'WINDIR' => 'C:\\Windows'
    'SERVER_SIGNATURE' => '<address>Apache/2.4.23 (Win32) PHP/5.6.25 Server at saesp Port 80</address>
'
    'SERVER_SOFTWARE' => 'Apache/2.4.23 (Win32) PHP/5.6.25'
    'SERVER_NAME' => 'saesp'
    'SERVER_ADDR' => '127.0.0.1'
    'SERVER_PORT' => '80'
    'REMOTE_ADDR' => '127.0.0.1'
    'DOCUMENT_ROOT' => 'C:/wamp/www/dsv/saespdev/web'
    'REQUEST_SCHEME' => 'http'
    'CONTEXT_PREFIX' => ''
    'CONTEXT_DOCUMENT_ROOT' => 'C:/wamp/www/dsv/saespdev/web'
    'SERVER_ADMIN' => 'wampserver@wampserver.invalid'
    'SCRIPT_FILENAME' => 'C:/wamp/www/dsv/saespdev/web/index.php'
    'REMOTE_PORT' => '56936'
    'REDIRECT_URL' => '/rest/modalidades'
    'GATEWAY_INTERFACE' => 'CGI/1.1'
    'SERVER_PROTOCOL' => 'HTTP/1.1'
    'REQUEST_METHOD' => 'GET'
    'QUERY_STRING' => ''
    'REQUEST_URI' => '/rest/modalidades'
    'SCRIPT_NAME' => '/index.php'
    'PHP_SELF' => '/index.php'
    'REQUEST_TIME_FLOAT' => 1537899871.357
    'REQUEST_TIME' => 1537899871
    'YII_DEBUG' => 'true'
    'YII_ENV_DEV' => 'true'
    'DB_HOST' => 'oci:dbname=172.18.1.10/stidsv;charset=UTF8'
    'DB_USER' => 'saesp'
    'DB_PASS' => '123S.E.N.H.A.321'
    'EMAIL_HOST' => 'email.pmm.am.gov.br'
    'EMAIL_USER' => 'email.sistemas@pmm.am.gov.br'
    'EMAIL_PASS' => 'Email!@#2014'
]
